Build started 12/24/2015 2:43:00 PM.
     1>Project "C:\local\IGESTURE_TUIO\libTUIO.vcxproj" on node 2 (Build target(s)).
     1>ClCompile:
         C:\Program Files (x86)\Microsoft Visual Studio 12.0\VC\bin\CL.exe /c /I.\TUIO /I.\oscpack /AI"C:\Program Files (x86)\Reference Assemblies\Microsoft\Framework\.NETFramework\v4.0" /AI"C:\Program Files (x86)\Windows Kits\8.1\References\CommonConfiguration\Neutral" /Zi /clr /nologo /W2 /WX- /O2 /Oy- /GL /D WIN32 /D NDEBUG /D _WINDLL /D _MBCS /EHa /MD /GS /fp:precise /Zc:wchar_t /Zc:forScope /Fo"Release\libTUIO\\" /Fd"Release\libTUIO\vc120.pdb" /TP /FU"C:\Program Files (x86)\Reference Assemblies\Microsoft\Framework\.NETFramework\v4.0\mscorlib.dll" /FU"C:\Program Files (x86)\Reference Assemblies\Microsoft\Framework\.NETFramework\v4.0\System.Data.dll" /FU"C:\Program Files (x86)\Reference Assemblies\Microsoft\Framework\.NETFramework\v4.0\System.dll" /FU"C:\Program Files (x86)\Reference Assemblies\Microsoft\Framework\.NETFramework\v4.0\System.Xml.dll" /analyze- /errorReport:prompt /clr:nostdlib TUIO\TuioServer.cpp TUIO\TuioTime.cpp
         TuioServer.cpp
         TuioTime.cpp
         Generating Code...
         C:\Program Files (x86)\Microsoft Visual Studio 12.0\VC\bin\CL.exe /c /I.\TUIO /I.\oscpack /Zi /clr /nologo /W2 /WX- /O2 /Oy- /GL /D WIN32 /D NDEBUG /D _WINDLL /D _MBCS /EHa /MD /GS /fp:precise /Zc:wchar_t /Zc:forScope /Fo"Release\libTUIO\\" /Fd"Release\libTUIO\vc120.pdb" /TP /analyze- /errorReport:prompt "C:\Users\tjt\AppData\Local\Temp\.NETFramework,Version=v4.0.AssemblyAttributes.cpp"
         .NETFramework,Version=v4.0.AssemblyAttributes.cpp
       Link:
         C:\Program Files (x86)\Microsoft Visual Studio 12.0\VC\bin\link.exe /ERRORREPORT:PROMPT /OUT:"Release\libTUIO.dll" /INCREMENTAL:NO /NOLOGO ws2_32.lib winmm.lib kernel32.lib user32.lib gdi32.lib winspool.lib comdlg32.lib advapi32.lib shell32.lib ole32.lib oleaut32.lib uuid.lib odbc32.lib odbccp32.lib /MANIFEST /MANIFESTUAC:"level='asInvoker' uiAccess='false'" /manifest:embed /DEBUG /PDB:"Release\libTUIO.pdb" /LTCG /TLBID:1 /DYNAMICBASE:NO /FIXED:NO /MACHINE:X86 /SAFESEH /DLL Release\libTUIO\NetworkingUtils.obj
         Release\libTUIO\UdpSocket.obj
         Release\libTUIO\OscOutboundPacketStream.obj
         Release\libTUIO\OscPrintReceivedElements.obj
         Release\libTUIO\OscReceivedElements.obj
         Release\libTUIO\OscTypes.obj
         Release\libTUIO\TuioServer.obj
         Release\libTUIO\TuioTime.obj
         "Release\libTUIO\.NETFramework,Version=v4.0.AssemblyAttributes.obj"
         LINK : /LTCG specified but no code generation required; remove /LTCG from the link command line to improve linker performance
         libTUIO.vcxproj -> C:\local\IGESTURE_TUIO\Release\libTUIO.dll
     1>Done Building Project "C:\local\IGESTURE_TUIO\libTUIO.vcxproj" (Build target(s)).

Build succeeded.

Time Elapsed 00:00:02.81
