c:\users\tjt\documents\github\fingerworks_tuio\release\libtuio\vc120.pdb
c:\users\tjt\documents\github\fingerworks_tuio\release\libtuio\tuiotime.obj
c:\users\tjt\documents\github\fingerworks_tuio\release\libtuio\tuioserver.obj
c:\users\tjt\documents\github\fingerworks_tuio\release\libtuio\osctypes.obj
c:\users\tjt\documents\github\fingerworks_tuio\release\libtuio\oscreceivedelements.obj
c:\users\tjt\documents\github\fingerworks_tuio\release\libtuio\oscprintreceivedelements.obj
c:\users\tjt\documents\github\fingerworks_tuio\release\libtuio\oscoutboundpacketstream.obj
c:\users\tjt\documents\github\fingerworks_tuio\release\libtuio\udpsocket.obj
c:\users\tjt\documents\github\fingerworks_tuio\release\libtuio\networkingutils.obj
c:\users\tjt\documents\github\fingerworks_tuio\release\libtuio\.netframework,version=v4.0.assemblyattributes.obj
c:\users\tjt\documents\github\fingerworks_tuio\release\libtuio.dll
c:\users\tjt\documents\github\fingerworks_tuio\release\libtuio.pdb
c:\users\tjt\documents\github\fingerworks_tuio\release\libtuio\libtuio.tlog\cl.command.1.tlog
c:\users\tjt\documents\github\fingerworks_tuio\release\libtuio\libtuio.tlog\cl.read.1.tlog
c:\users\tjt\documents\github\fingerworks_tuio\release\libtuio\libtuio.tlog\cl.write.1.tlog
c:\users\tjt\documents\github\fingerworks_tuio\release\libtuio\libtuio.tlog\link.command.1.tlog
c:\users\tjt\documents\github\fingerworks_tuio\release\libtuio\libtuio.tlog\link.read.1.tlog
c:\users\tjt\documents\github\fingerworks_tuio\release\libtuio\libtuio.tlog\link.write.1.tlog
c:\users\tjt\documents\github\fingerworks_tuio\release\libtuio\libtuio.tlog\metagen.read.1.tlog
c:\users\tjt\documents\github\fingerworks_tuio\release\libtuio\libtuio.tlog\metagen.write.1.tlog
c:\users\tjt\documents\github\fingerworks_tuio\release\libtuio\libtuio.tlog\tzres.dll.bi
